Arguments: 
  C:\Program Files\nodejs\node.exe C:\Users\duong\AppData\Roaming\npm\node_modules\yarn\bin\yarn.js install

PATH: 
  C:\Users\duong\bin;C:\Program Files\Git\mingw64\bin;C:\Program Files\Git\usr\local\bin;C:\Program Files\Git\usr\bin;C:\Program Files\Git\usr\bin;C:\Program Files\Git\mingw64\bin;C:\Program Files\Git\usr\bin;C:\Users\duong\bin;C:\Program Files\Common Files\Oracle\Java\javapath;C:\windows\system32;C:\windows;C:\windows\System32\Wbem;C:\windows\System32\WindowsPowerShell\v1.0;C:\windows\System32\OpenSSH;C:\Program Files (x86)\NVIDIA Corporation\PhysX\Common;C:\Program Files\Intel\WiFi\bin;C:\Program Files\Common Files\Intel\WirelessCommon;C:\WINDOWS\system32;C:\WINDOWS;C:\WINDOWS\System32\Wbem;C:\WINDOWS\System32\WindowsPowerShell\v1.0;C:\WINDOWS\System32\OpenSSH;C:\Program Files\nodejs;C:\Program Files\Git\cmd;C:\Users\duong\AppData\Local\Microsoft\WindowsApps;C:\Users\duong\AppData\Local\Programs\Microsoft VS Code\bin;C:\Users\duong\AppData\Roaming\npm;C:\Program Files\Git\usr\bin\vendor_perl;C:\Program Files\Git\usr\bin\core_perl

Yarn version: 
  1.22.17

Node version: 
  16.13.0

Platform: 
  win32 x64

Trace: 
  Error: https://registry.yarnpkg.com/firebase: ESOCKETTIMEDOUT
      at ClientRequest.<anonymous> (C:\Users\duong\AppData\Roaming\npm\node_modules\yarn\lib\cli.js:141510:19)
      at Object.onceWrapper (node:events:509:28)
      at ClientRequest.emit (node:events:390:28)
      at TLSSocket.emitRequestTimeout (node:_http_client:763:9)
      at Object.onceWrapper (node:events:509:28)
      at TLSSocket.emit (node:events:402:35)
      at TLSSocket.Socket._onTimeout (node:net:501:8)
      at listOnTimeout (node:internal/timers:557:17)
      at processTimers (node:internal/timers:500:7)

npm manifest: 
  {
    "name": "client",
    "version": "0.1.0",
    "private": true,
    "dependencies": {
      "@material-ui/core": "^4.12.3",
      "@material-ui/data-grid": "^4.0.0-alpha.37",
      "@material-ui/icons": "^4.11.2",
      "@material-ui/lab": "^4.0.0-alpha.60",
      "@mui/icons-material": "^5.1.0",
      "@testing-library/jest-dom": "^5.14.1",
      "@testing-library/react": "^11.2.7",
      "@testing-library/user-event": "^12.8.3",
      "axios": "^0.21.1",
      "clsx": "^1.1.1",
      "emoji-picker-react": "^3.4.8",
      "firebase": "^8.3.1",
      "formik": "^2.2.9",
      "http-proxy-middleware": "^0.19.1",
      "moment": "^2.29.1",
      "peerjs": "^1.3.2",
      "react": "^17.0.2",
      "react-awesome-lightbox": "^1.8.1",
      "react-bootstrap": "^2.0.2",
      "react-dom": "^17.0.2",
      "react-firebase-hooks": "^4.0.1",
      "react-google-recaptcha": "^2.1.0",
      "react-infinite-scroll-component": "^6.1.0",
      "react-lazy-load-image-component": "^1.5.1",
      "react-redux": "^7.2.4",
      "react-router-dom": "^5.2.1",
      "react-scripts": "4.0.3",
      "react-validation": "^3.0.7",
      "redux": "^4.1.1",
      "redux-thunk": "^2.3.0",
      "socket.io-client": "^4.2.0",
      "web-vitals": "^1.1.2",
      "yup": "^0.32.11"
    },
    "scripts": {
      "start": "react-scripts start",
      "build": "react-scripts build",
      "test": "react-scripts test",
      "eject": "react-scripts eject"
    },
    "eslintConfig": {
      "extends": [
        "react-app",
        "react-app/jest"
      ]
    },
    "browserslist": {
      "production": [
        ">0.2%",
        "not dead",
        "not op_mini all"
      ],
      "development": [
        "last 1 chrome version",
        "last 1 firefox version",
        "last 1 safari version"
      ]
    },
    "devDependencies": {
      "redux-devtools-extension": "^2.13.9"
    }
  }

yarn manifest: 
  No manifest

Lockfile: 
  No lockfile
